<?xml version="1.0" encoding="UTF-8"?>
<!-- Generated by org.testng.reporters.JUnitXMLReporter -->
<testsuite ignored="0" hostname="DESKTOP-JNARSJE" failures="1" tests="1" name="Test" time="4.13" errors="0" timestamp="2026-02-20T17:50:29 IST">
  <testcase classname="testCases.LoginTest" name="verifyLogin" time="1.608">
    <failure type="java.lang.AssertionError" message="expected [My AAAccount] but found [My Account]">
      <![CDATA[java.lang.AssertionError: expected [My AAAccount] but found [My Account]
at testCases.LoginTest.verifyLogin(LoginTest.java:40)
at java.base/java.util.ArrayList.forEach(ArrayList.java:1604)
... Removed 31 stack frames]]>
    </failure>
  </testcase> <!-- verifyLogin -->
</testsuite> <!-- Test -->
