<?xml version="1.0" encoding="UTF-8"?>
<!-- Generated by org.testng.reporters.JUnitReportReporter -->
<testsuite hostname="DESKTOP-JNARSJE" failures="0" tests="3" name="day42.myFirstTestCase" time="0.016" errors="0" timestamp="2025-10-27T18:22:57 IST" skipped="0">
  <testcase classname="day42.myFirstTestCase" name="login" time="0.014"/>
  <testcase classname="day42.myFirstTestCase" name="openApp" time="0.001"/>
  <testcase classname="day42.myFirstTestCase" name="logout" time="0.001"/>
</testsuite> <!-- day42.myFirstTestCase -->
